CRITICAL - 2023-05-12 20:01:19 --> Undefined variable $pass
in APPPATH\Controllers\Login_controller.php on line 36.
 1 APPPATH\Controllers\Login_controller.php(36): CodeIgniter\Debug\Exceptions->errorHandler(2, 'Undefined variable $pass', 'APPPATH\\Controllers\\Login_controller.php', 36)
 2 SYSTEMPATH\CodeIgniter.php(934): App\Controllers\Login_controller->auth()
 3 SYSTEMPATH\CodeIgniter.php(499): CodeIgniter\CodeIgniter->runController(Object(App\Controllers\Login_controller))
 4 SYSTEMPATH\CodeIgniter.php(368): CodeIgniter\CodeIgniter->handleRequest(null, Object(Config\Cache), false)
 5 FCPATH\index.php(67): CodeIgniter\CodeIgniter->run()
INFO - 2023-05-12 20:02:15 --> Session: Class initialized using 'CodeIgniter\Session\Handlers\FileHandler' driver.
CRITICAL - 2023-05-12 20:02:15 --> Undefined variable $pass
in APPPATH\Controllers\Login_controller.php on line 36.
 1 APPPATH\Controllers\Login_controller.php(36): CodeIgniter\Debug\Exceptions->errorHandler(2, 'Undefined variable $pass', 'APPPATH\\Controllers\\Login_controller.php', 36)
 2 SYSTEMPATH\CodeIgniter.php(934): App\Controllers\Login_controller->auth()
 3 SYSTEMPATH\CodeIgniter.php(499): CodeIgniter\CodeIgniter->runController(Object(App\Controllers\Login_controller))
 4 SYSTEMPATH\CodeIgniter.php(368): CodeIgniter\CodeIgniter->handleRequest(null, Object(Config\Cache), false)
 5 FCPATH\index.php(67): CodeIgniter\CodeIgniter->run()
INFO - 2023-05-12 20:03:15 --> Session: Class initialized using 'CodeIgniter\Session\Handlers\FileHandler' driver.
CRITICAL - 2023-05-12 20:03:15 --> Undefined variable $pass
in APPPATH\Controllers\Login_controller.php on line 36.
 1 APPPATH\Controllers\Login_controller.php(36): CodeIgniter\Debug\Exceptions->errorHandler(2, 'Undefined variable $pass', 'APPPATH\\Controllers\\Login_controller.php', 36)
 2 SYSTEMPATH\CodeIgniter.php(934): App\Controllers\Login_controller->auth()
 3 SYSTEMPATH\CodeIgniter.php(499): CodeIgniter\CodeIgniter->runController(Object(App\Controllers\Login_controller))
 4 SYSTEMPATH\CodeIgniter.php(368): CodeIgniter\CodeIgniter->handleRequest(null, Object(Config\Cache), false)
 5 FCPATH\index.php(67): CodeIgniter\CodeIgniter->run()
INFO - 2023-05-12 20:03:24 --> Session: Class initialized using 'CodeIgniter\Session\Handlers\FileHandler' driver.
INFO - 2023-05-12 20:03:30 --> Session: Class initialized using 'CodeIgniter\Session\Handlers\FileHandler' driver.
CRITICAL - 2023-05-12 20:03:30 --> Undefined variable $pass
in APPPATH\Controllers\Login_controller.php on line 36.
 1 APPPATH\Controllers\Login_controller.php(36): CodeIgniter\Debug\Exceptions->errorHandler(2, 'Undefined variable $pass', 'APPPATH\\Controllers\\Login_controller.php', 36)
 2 SYSTEMPATH\CodeIgniter.php(934): App\Controllers\Login_controller->auth()
 3 SYSTEMPATH\CodeIgniter.php(499): CodeIgniter\CodeIgniter->runController(Object(App\Controllers\Login_controller))
 4 SYSTEMPATH\CodeIgniter.php(368): CodeIgniter\CodeIgniter->handleRequest(null, Object(Config\Cache), false)
 5 FCPATH\index.php(67): CodeIgniter\CodeIgniter->run()
INFO - 2023-05-12 20:06:13 --> Session: Class initialized using 'CodeIgniter\Session\Handlers\FileHandler' driver.
INFO - 2023-05-12 20:06:20 --> Session: Class initialized using 'CodeIgniter\Session\Handlers\FileHandler' driver.
INFO - 2023-05-12 20:07:26 --> Session: Class initialized using 'CodeIgniter\Session\Handlers\FileHandler' driver.
INFO - 2023-05-12 20:07:35 --> Session: Class initialized using 'CodeIgniter\Session\Handlers\FileHandler' driver.
INFO - 2023-05-12 20:07:43 --> Session: Class initialized using 'CodeIgniter\Session\Handlers\FileHandler' driver.
INFO - 2023-05-12 20:07:47 --> Session: Class initialized using 'CodeIgniter\Session\Handlers\FileHandler' driver.
INFO - 2023-05-12 20:07:54 --> Session: Class initialized using 'CodeIgniter\Session\Handlers\FileHandler' driver.
INFO - 2023-05-12 20:10:21 --> Session: Class initialized using 'CodeIgniter\Session\Handlers\FileHandler' driver.
INFO - 2023-05-12 20:10:26 --> Session: Class initialized using 'CodeIgniter\Session\Handlers\FileHandler' driver.
CRITICAL - 2023-05-12 20:10:26 --> Undefined variable $pass
in APPPATH\Controllers\Login_controller.php on line 36.
 1 APPPATH\Controllers\Login_controller.php(36): CodeIgniter\Debug\Exceptions->errorHandler(2, 'Undefined variable $pass', 'APPPATH\\Controllers\\Login_controller.php', 36)
 2 SYSTEMPATH\CodeIgniter.php(934): App\Controllers\Login_controller->auth()
 3 SYSTEMPATH\CodeIgniter.php(499): CodeIgniter\CodeIgniter->runController(Object(App\Controllers\Login_controller))
 4 SYSTEMPATH\CodeIgniter.php(368): CodeIgniter\CodeIgniter->handleRequest(null, Object(Config\Cache), false)
 5 FCPATH\index.php(67): CodeIgniter\CodeIgniter->run()
INFO - 2023-05-12 20:11:10 --> Session: Class initialized using 'CodeIgniter\Session\Handlers\FileHandler' driver.
INFO - 2023-05-12 20:11:16 --> Session: Class initialized using 'CodeIgniter\Session\Handlers\FileHandler' driver.
CRITICAL - 2023-05-12 20:11:16 --> Undefined variable $pass
in APPPATH\Controllers\Login_controller.php on line 36.
 1 APPPATH\Controllers\Login_controller.php(36): CodeIgniter\Debug\Exceptions->errorHandler(2, 'Undefined variable $pass', 'APPPATH\\Controllers\\Login_controller.php', 36)
 2 SYSTEMPATH\CodeIgniter.php(934): App\Controllers\Login_controller->auth()
 3 SYSTEMPATH\CodeIgniter.php(499): CodeIgniter\CodeIgniter->runController(Object(App\Controllers\Login_controller))
 4 SYSTEMPATH\CodeIgniter.php(368): CodeIgniter\CodeIgniter->handleRequest(null, Object(Config\Cache), false)
 5 FCPATH\index.php(67): CodeIgniter\CodeIgniter->run()
INFO - 2023-05-12 20:15:41 --> Session: Class initialized using 'CodeIgniter\Session\Handlers\FileHandler' driver.
INFO - 2023-05-12 20:15:47 --> Session: Class initialized using 'CodeIgniter\Session\Handlers\FileHandler' driver.
