INFO - 2023-06-10 01:32:32 --> Session: Class initialized using 'CodeIgniter\Session\Handlers\FileHandler' driver.
INFO - 2023-06-10 01:32:34 --> Session: Class initialized using 'CodeIgniter\Session\Handlers\FileHandler' driver.
INFO - 2023-06-10 01:32:43 --> Session: Class initialized using 'CodeIgniter\Session\Handlers\FileHandler' driver.
INFO - 2023-06-10 01:32:43 --> Session: Class initialized using 'CodeIgniter\Session\Handlers\FileHandler' driver.
INFO - 2023-06-10 01:32:50 --> Session: Class initialized using 'CodeIgniter\Session\Handlers\FileHandler' driver.
INFO - 2023-06-10 01:32:50 --> Session: Class initialized using 'CodeIgniter\Session\Handlers\FileHandler' driver.
INFO - 2023-06-10 01:32:53 --> Session: Class initialized using 'CodeIgniter\Session\Handlers\FileHandler' driver.
INFO - 2023-06-10 01:33:00 --> Session: Class initialized using 'CodeIgniter\Session\Handlers\FileHandler' driver.
INFO - 2023-06-10 01:33:01 --> Session: Class initialized using 'CodeIgniter\Session\Handlers\FileHandler' driver.
INFO - 2023-06-10 01:33:03 --> Session: Class initialized using 'CodeIgniter\Session\Handlers\FileHandler' driver.
INFO - 2023-06-10 01:33:03 --> Cart Class Initialized
INFO - 2023-06-10 01:33:08 --> Session: Class initialized using 'CodeIgniter\Session\Handlers\FileHandler' driver.
INFO - 2023-06-10 01:33:08 --> Cart Class Initialized
INFO - 2023-06-10 01:33:09 --> Session: Class initialized using 'CodeIgniter\Session\Handlers\FileHandler' driver.
INFO - 2023-06-10 01:33:09 --> Cart Class Initialized
INFO - 2023-06-10 01:33:11 --> Session: Class initialized using 'CodeIgniter\Session\Handlers\FileHandler' driver.
INFO - 2023-06-10 01:33:11 --> Cart Class Initialized
INFO - 2023-06-10 01:33:12 --> Session: Class initialized using 'CodeIgniter\Session\Handlers\FileHandler' driver.
INFO - 2023-06-10 01:33:12 --> Cart Class Initialized
INFO - 2023-06-10 01:33:14 --> Session: Class initialized using 'CodeIgniter\Session\Handlers\FileHandler' driver.
INFO - 2023-06-10 01:33:14 --> Cart Class Initialized
INFO - 2023-06-10 01:33:14 --> Session: Class initialized using 'CodeIgniter\Session\Handlers\FileHandler' driver.
INFO - 2023-06-10 01:33:14 --> Cart Class Initialized
INFO - 2023-06-10 01:33:17 --> Session: Class initialized using 'CodeIgniter\Session\Handlers\FileHandler' driver.
INFO - 2023-06-10 01:33:17 --> Cart Class Initialized
INFO - 2023-06-10 01:33:18 --> Session: Class initialized using 'CodeIgniter\Session\Handlers\FileHandler' driver.
INFO - 2023-06-10 01:33:18 --> Cart Class Initialized
INFO - 2023-06-10 01:33:20 --> Session: Class initialized using 'CodeIgniter\Session\Handlers\FileHandler' driver.
INFO - 2023-06-10 01:33:20 --> Cart Class Initialized
INFO - 2023-06-10 01:33:28 --> Session: Class initialized using 'CodeIgniter\Session\Handlers\FileHandler' driver.
INFO - 2023-06-10 01:33:28 --> Cart Class Initialized
INFO - 2023-06-10 01:42:08 --> Session: Class initialized using 'CodeIgniter\Session\Handlers\FileHandler' driver.
INFO - 2023-06-10 01:42:08 --> Cart Class Initialized
INFO - 2023-06-10 01:42:10 --> Session: Class initialized using 'CodeIgniter\Session\Handlers\FileHandler' driver.
INFO - 2023-06-10 01:42:10 --> Cart Class Initialized
INFO - 2023-06-10 01:42:10 --> Session: Class initialized using 'CodeIgniter\Session\Handlers\FileHandler' driver.
INFO - 2023-06-10 01:42:10 --> Cart Class Initialized
INFO - 2023-06-10 01:42:12 --> Session: Class initialized using 'CodeIgniter\Session\Handlers\FileHandler' driver.
INFO - 2023-06-10 01:42:12 --> Cart Class Initialized
INFO - 2023-06-10 01:42:12 --> Session: Class initialized using 'CodeIgniter\Session\Handlers\FileHandler' driver.
INFO - 2023-06-10 01:42:12 --> Cart Class Initialized
INFO - 2023-06-10 01:42:13 --> Session: Class initialized using 'CodeIgniter\Session\Handlers\FileHandler' driver.
INFO - 2023-06-10 01:42:13 --> Cart Class Initialized
INFO - 2023-06-10 01:42:13 --> Session: Class initialized using 'CodeIgniter\Session\Handlers\FileHandler' driver.
INFO - 2023-06-10 01:42:13 --> Cart Class Initialized
INFO - 2023-06-10 01:42:14 --> Session: Class initialized using 'CodeIgniter\Session\Handlers\FileHandler' driver.
INFO - 2023-06-10 01:42:14 --> Cart Class Initialized
INFO - 2023-06-10 01:42:14 --> Session: Class initialized using 'CodeIgniter\Session\Handlers\FileHandler' driver.
INFO - 2023-06-10 01:42:14 --> Cart Class Initialized
INFO - 2023-06-10 01:42:17 --> Session: Class initialized using 'CodeIgniter\Session\Handlers\FileHandler' driver.
INFO - 2023-06-10 01:42:17 --> Session: Class initialized using 'CodeIgniter\Session\Handlers\FileHandler' driver.
INFO - 2023-06-10 01:42:19 --> Session: Class initialized using 'CodeIgniter\Session\Handlers\FileHandler' driver.
INFO - 2023-06-10 01:42:27 --> Session: Class initialized using 'CodeIgniter\Session\Handlers\FileHandler' driver.
INFO - 2023-06-10 01:42:27 --> Session: Class initialized using 'CodeIgniter\Session\Handlers\FileHandler' driver.
INFO - 2023-06-10 01:43:16 --> Session: Class initialized using 'CodeIgniter\Session\Handlers\FileHandler' driver.
INFO - 2023-06-10 01:43:16 --> Cart Class Initialized
INFO - 2023-06-10 01:43:22 --> Session: Class initialized using 'CodeIgniter\Session\Handlers\FileHandler' driver.
INFO - 2023-06-10 01:43:22 --> Cart Class Initialized
INFO - 2023-06-10 01:47:21 --> Session: Class initialized using 'CodeIgniter\Session\Handlers\FileHandler' driver.
INFO - 2023-06-10 01:47:21 --> Session: Class initialized using 'CodeIgniter\Session\Handlers\FileHandler' driver.
INFO - 2023-06-10 01:47:21 --> Cart Class Initialized
INFO - 2023-06-10 01:47:21 --> Cart Class Initialized
INFO - 2023-06-10 01:47:22 --> Session: Class initialized using 'CodeIgniter\Session\Handlers\FileHandler' driver.
INFO - 2023-06-10 01:47:22 --> Cart Class Initialized
INFO - 2023-06-10 01:47:22 --> Session: Class initialized using 'CodeIgniter\Session\Handlers\FileHandler' driver.
INFO - 2023-06-10 01:47:22 --> Cart Class Initialized
INFO - 2023-06-10 01:47:22 --> Session: Class initialized using 'CodeIgniter\Session\Handlers\FileHandler' driver.
INFO - 2023-06-10 01:47:22 --> Cart Class Initialized
INFO - 2023-06-10 01:47:26 --> Session: Class initialized using 'CodeIgniter\Session\Handlers\FileHandler' driver.
INFO - 2023-06-10 01:47:26 --> Cart Class Initialized
INFO - 2023-06-10 01:47:26 --> Session: Class initialized using 'CodeIgniter\Session\Handlers\FileHandler' driver.
INFO - 2023-06-10 01:47:26 --> Cart Class Initialized
INFO - 2023-06-10 01:47:28 --> Session: Class initialized using 'CodeIgniter\Session\Handlers\FileHandler' driver.
INFO - 2023-06-10 01:47:28 --> Cart Class Initialized
INFO - 2023-06-10 01:47:28 --> Session: Class initialized using 'CodeIgniter\Session\Handlers\FileHandler' driver.
INFO - 2023-06-10 01:47:28 --> Cart Class Initialized
INFO - 2023-06-10 01:47:30 --> Session: Class initialized using 'CodeIgniter\Session\Handlers\FileHandler' driver.
INFO - 2023-06-10 01:47:30 --> Cart Class Initialized
INFO - 2023-06-10 01:47:32 --> Session: Class initialized using 'CodeIgniter\Session\Handlers\FileHandler' driver.
INFO - 2023-06-10 01:47:32 --> Cart Class Initialized
INFO - 2023-06-10 01:47:32 --> Session: Class initialized using 'CodeIgniter\Session\Handlers\FileHandler' driver.
INFO - 2023-06-10 01:47:32 --> Cart Class Initialized
INFO - 2023-06-10 01:47:37 --> Session: Class initialized using 'CodeIgniter\Session\Handlers\FileHandler' driver.
INFO - 2023-06-10 01:47:37 --> Cart Class Initialized
INFO - 2023-06-10 01:47:40 --> Session: Class initialized using 'CodeIgniter\Session\Handlers\FileHandler' driver.
INFO - 2023-06-10 01:47:40 --> Cart Class Initialized
INFO - 2023-06-10 01:50:58 --> Session: Class initialized using 'CodeIgniter\Session\Handlers\FileHandler' driver.
INFO - 2023-06-10 01:50:58 --> Cart Class Initialized
INFO - 2023-06-10 01:51:01 --> Session: Class initialized using 'CodeIgniter\Session\Handlers\FileHandler' driver.
INFO - 2023-06-10 01:51:01 --> Cart Class Initialized
INFO - 2023-06-10 01:51:03 --> Session: Class initialized using 'CodeIgniter\Session\Handlers\FileHandler' driver.
INFO - 2023-06-10 01:51:03 --> Cart Class Initialized
INFO - 2023-06-10 01:51:03 --> Session: Class initialized using 'CodeIgniter\Session\Handlers\FileHandler' driver.
INFO - 2023-06-10 01:51:03 --> Cart Class Initialized
INFO - 2023-06-10 01:51:04 --> Session: Class initialized using 'CodeIgniter\Session\Handlers\FileHandler' driver.
INFO - 2023-06-10 01:51:04 --> Cart Class Initialized
INFO - 2023-06-10 02:00:26 --> Session: Class initialized using 'CodeIgniter\Session\Handlers\FileHandler' driver.
INFO - 2023-06-10 02:00:26 --> Cart Class Initialized
INFO - 2023-06-10 02:00:28 --> Session: Class initialized using 'CodeIgniter\Session\Handlers\FileHandler' driver.
INFO - 2023-06-10 02:00:28 --> Cart Class Initialized
INFO - 2023-06-10 02:00:28 --> Session: Class initialized using 'CodeIgniter\Session\Handlers\FileHandler' driver.
INFO - 2023-06-10 02:00:28 --> Cart Class Initialized
INFO - 2023-06-10 02:00:42 --> Session: Class initialized using 'CodeIgniter\Session\Handlers\FileHandler' driver.
INFO - 2023-06-10 02:00:42 --> Cart Class Initialized
INFO - 2023-06-10 02:00:45 --> Session: Class initialized using 'CodeIgniter\Session\Handlers\FileHandler' driver.
INFO - 2023-06-10 02:00:45 --> Cart Class Initialized
INFO - 2023-06-10 02:00:48 --> Session: Class initialized using 'CodeIgniter\Session\Handlers\FileHandler' driver.
INFO - 2023-06-10 02:00:48 --> Cart Class Initialized
INFO - 2023-06-10 02:00:48 --> Session: Class initialized using 'CodeIgniter\Session\Handlers\FileHandler' driver.
INFO - 2023-06-10 02:00:48 --> Cart Class Initialized
INFO - 2023-06-10 02:00:50 --> Session: Class initialized using 'CodeIgniter\Session\Handlers\FileHandler' driver.
INFO - 2023-06-10 02:00:50 --> Cart Class Initialized
INFO - 2023-06-10 02:00:53 --> Session: Class initialized using 'CodeIgniter\Session\Handlers\FileHandler' driver.
INFO - 2023-06-10 02:00:56 --> Session: Class initialized using 'CodeIgniter\Session\Handlers\FileHandler' driver.
INFO - 2023-06-10 02:00:56 --> Cart Class Initialized
INFO - 2023-06-10 02:01:52 --> Session: Class initialized using 'CodeIgniter\Session\Handlers\FileHandler' driver.
INFO - 2023-06-10 02:02:19 --> Session: Class initialized using 'CodeIgniter\Session\Handlers\FileHandler' driver.
INFO - 2023-06-10 02:02:24 --> Session: Class initialized using 'CodeIgniter\Session\Handlers\FileHandler' driver.
INFO - 2023-06-10 02:02:24 --> Cart Class Initialized
INFO - 2023-06-10 14:14:06 --> Session: Class initialized using 'CodeIgniter\Session\Handlers\FileHandler' driver.
INFO - 2023-06-10 14:14:49 --> Session: Class initialized using 'CodeIgniter\Session\Handlers\FileHandler' driver.
INFO - 2023-06-10 14:14:49 --> Cart Class Initialized
INFO - 2023-06-10 14:14:52 --> Session: Class initialized using 'CodeIgniter\Session\Handlers\FileHandler' driver.
INFO - 2023-06-10 14:14:52 --> Cart Class Initialized
INFO - 2023-06-10 14:14:52 --> Session: Class initialized using 'CodeIgniter\Session\Handlers\FileHandler' driver.
INFO - 2023-06-10 14:14:52 --> Cart Class Initialized
INFO - 2023-06-10 14:14:58 --> Session: Class initialized using 'CodeIgniter\Session\Handlers\FileHandler' driver.
INFO - 2023-06-10 14:14:58 --> Cart Class Initialized
INFO - 2023-06-10 14:14:59 --> Session: Class initialized using 'CodeIgniter\Session\Handlers\FileHandler' driver.
INFO - 2023-06-10 14:14:59 --> Cart Class Initialized
INFO - 2023-06-10 14:15:02 --> Session: Class initialized using 'CodeIgniter\Session\Handlers\FileHandler' driver.
INFO - 2023-06-10 14:15:10 --> Session: Class initialized using 'CodeIgniter\Session\Handlers\FileHandler' driver.
INFO - 2023-06-10 14:15:10 --> Session: Class initialized using 'CodeIgniter\Session\Handlers\FileHandler' driver.
INFO - 2023-06-10 14:15:21 --> Session: Class initialized using 'CodeIgniter\Session\Handlers\FileHandler' driver.
INFO - 2023-06-10 14:15:21 --> Cart Class Initialized
INFO - 2023-06-10 14:38:24 --> Session: Class initialized using 'CodeIgniter\Session\Handlers\FileHandler' driver.
INFO - 2023-06-10 14:38:24 --> Cart Class Initialized
CRITICAL - 2023-06-10 21:23:33 --> syntax error, unexpected variable "$usuario"
in APPPATH\Controllers\Carrito_controller.php on line 182.
 1 SYSTEMPATH\Autoloader\Autoloader.php(289): CodeIgniter\Autoloader\Autoloader->includeFile('APPPATH\\Controllers\\Carrito_controller.php')
 2 SYSTEMPATH\Autoloader\Autoloader.php(267): CodeIgniter\Autoloader\Autoloader->loadInNamespace('App\\Controllers\\Carrito_controller')
 3 [internal function]: CodeIgniter\Autoloader\Autoloader->loadClass('App\\Controllers\\Carrito_controller')
 4 SYSTEMPATH\CodeIgniter.php(892): class_exists('\\App\\Controllers\\Carrito_controller', true)
 5 SYSTEMPATH\CodeIgniter.php(486): CodeIgniter\CodeIgniter->startController()
 6 SYSTEMPATH\CodeIgniter.php(368): CodeIgniter\CodeIgniter->handleRequest(null, Object(Config\Cache), false)
 7 FCPATH\index.php(67): CodeIgniter\CodeIgniter->run()
INFO - 2023-06-10 21:23:48 --> Session: Class initialized using 'CodeIgniter\Session\Handlers\FileHandler' driver.
INFO - 2023-06-10 21:23:48 --> Cart Class Initialized
INFO - 2023-06-10 21:24:05 --> Session: Class initialized using 'CodeIgniter\Session\Handlers\FileHandler' driver.
INFO - 2023-06-10 21:24:05 --> Cart Class Initialized
INFO - 2023-06-10 21:25:15 --> Session: Class initialized using 'CodeIgniter\Session\Handlers\FileHandler' driver.
INFO - 2023-06-10 21:25:15 --> Cart Class Initialized
INFO - 2023-06-10 21:25:17 --> Session: Class initialized using 'CodeIgniter\Session\Handlers\FileHandler' driver.
INFO - 2023-06-10 21:25:17 --> Cart Class Initialized
INFO - 2023-06-10 21:25:17 --> Session: Class initialized using 'CodeIgniter\Session\Handlers\FileHandler' driver.
INFO - 2023-06-10 21:25:17 --> Cart Class Initialized
INFO - 2023-06-10 21:25:38 --> Session: Class initialized using 'CodeIgniter\Session\Handlers\FileHandler' driver.
INFO - 2023-06-10 21:25:38 --> Cart Class Initialized
INFO - 2023-06-10 21:25:48 --> Session: Class initialized using 'CodeIgniter\Session\Handlers\FileHandler' driver.
INFO - 2023-06-10 21:25:48 --> Cart Class Initialized
INFO - 2023-06-10 21:27:48 --> Session: Class initialized using 'CodeIgniter\Session\Handlers\FileHandler' driver.
INFO - 2023-06-10 21:27:48 --> Cart Class Initialized
INFO - 2023-06-10 21:27:49 --> Session: Class initialized using 'CodeIgniter\Session\Handlers\FileHandler' driver.
INFO - 2023-06-10 21:27:59 --> Session: Class initialized using 'CodeIgniter\Session\Handlers\FileHandler' driver.
INFO - 2023-06-10 21:27:59 --> Session: Class initialized using 'CodeIgniter\Session\Handlers\FileHandler' driver.
INFO - 2023-06-10 21:28:03 --> Session: Class initialized using 'CodeIgniter\Session\Handlers\FileHandler' driver.
INFO - 2023-06-10 21:28:03 --> Cart Class Initialized
INFO - 2023-06-10 21:28:05 --> Session: Class initialized using 'CodeIgniter\Session\Handlers\FileHandler' driver.
INFO - 2023-06-10 21:28:05 --> Cart Class Initialized
INFO - 2023-06-10 21:29:15 --> Session: Class initialized using 'CodeIgniter\Session\Handlers\FileHandler' driver.
INFO - 2023-06-10 21:29:15 --> Cart Class Initialized
INFO - 2023-06-10 22:06:42 --> Session: Class initialized using 'CodeIgniter\Session\Handlers\FileHandler' driver.
INFO - 2023-06-10 22:06:42 --> Cart Class Initialized
INFO - 2023-06-10 22:06:43 --> Session: Class initialized using 'CodeIgniter\Session\Handlers\FileHandler' driver.
INFO - 2023-06-10 22:06:43 --> Cart Class Initialized
CRITICAL - 2023-06-10 22:06:43 --> Object of class CodeIgniter\Session\Session could not be converted to string
in APPPATH\Controllers\Carrito_controller.php on line 46.
 1 SYSTEMPATH\CodeIgniter.php(934): App\Controllers\Carrito_controller->sumar_carrito('c20ad4d76fe97759aa27a0c99bff6710')
 2 SYSTEMPATH\CodeIgniter.php(499): CodeIgniter\CodeIgniter->runController(Object(App\Controllers\Carrito_controller))
 3 SYSTEMPATH\CodeIgniter.php(368): CodeIgniter\CodeIgniter->handleRequest(null, Object(Config\Cache), false)
 4 FCPATH\index.php(67): CodeIgniter\CodeIgniter->run()
INFO - 2023-06-10 22:07:28 --> Session: Class initialized using 'CodeIgniter\Session\Handlers\FileHandler' driver.
INFO - 2023-06-10 22:07:28 --> Cart Class Initialized
INFO - 2023-06-10 22:07:31 --> Session: Class initialized using 'CodeIgniter\Session\Handlers\FileHandler' driver.
INFO - 2023-06-10 22:07:31 --> Cart Class Initialized
INFO - 2023-06-10 22:07:41 --> Session: Class initialized using 'CodeIgniter\Session\Handlers\FileHandler' driver.
INFO - 2023-06-10 22:07:41 --> Cart Class Initialized
CRITICAL - 2023-06-10 22:07:41 --> Object of class CodeIgniter\Session\Session could not be converted to string
in APPPATH\Controllers\Carrito_controller.php on line 46.
 1 SYSTEMPATH\CodeIgniter.php(934): App\Controllers\Carrito_controller->sumar_carrito('c20ad4d76fe97759aa27a0c99bff6710')
 2 SYSTEMPATH\CodeIgniter.php(499): CodeIgniter\CodeIgniter->runController(Object(App\Controllers\Carrito_controller))
 3 SYSTEMPATH\CodeIgniter.php(368): CodeIgniter\CodeIgniter->handleRequest(null, Object(Config\Cache), false)
 4 FCPATH\index.php(67): CodeIgniter\CodeIgniter->run()
INFO - 2023-06-10 23:08:14 --> Session: Class initialized using 'CodeIgniter\Session\Handlers\FileHandler' driver.
INFO - 2023-06-10 23:08:14 --> Cart Class Initialized
CRITICAL - 2023-06-10 23:08:14 --> Object of class CodeIgniter\Session\Session could not be converted to string
in APPPATH\Controllers\Carrito_controller.php on line 46.
 1 SYSTEMPATH\CodeIgniter.php(934): App\Controllers\Carrito_controller->sumar_carrito('c20ad4d76fe97759aa27a0c99bff6710')
 2 SYSTEMPATH\CodeIgniter.php(499): CodeIgniter\CodeIgniter->runController(Object(App\Controllers\Carrito_controller))
 3 SYSTEMPATH\CodeIgniter.php(368): CodeIgniter\CodeIgniter->handleRequest(null, Object(Config\Cache), false)
 4 FCPATH\index.php(67): CodeIgniter\CodeIgniter->run()
INFO - 2023-06-10 23:08:16 --> Session: Class initialized using 'CodeIgniter\Session\Handlers\FileHandler' driver.
INFO - 2023-06-10 23:08:16 --> Cart Class Initialized
INFO - 2023-06-10 23:08:19 --> Session: Class initialized using 'CodeIgniter\Session\Handlers\FileHandler' driver.
INFO - 2023-06-10 23:08:19 --> Cart Class Initialized
CRITICAL - 2023-06-10 23:08:19 --> Object of class CodeIgniter\Session\Session could not be converted to string
in APPPATH\Controllers\Carrito_controller.php on line 46.
 1 SYSTEMPATH\CodeIgniter.php(934): App\Controllers\Carrito_controller->sumar_carrito('c20ad4d76fe97759aa27a0c99bff6710')
 2 SYSTEMPATH\CodeIgniter.php(499): CodeIgniter\CodeIgniter->runController(Object(App\Controllers\Carrito_controller))
 3 SYSTEMPATH\CodeIgniter.php(368): CodeIgniter\CodeIgniter->handleRequest(null, Object(Config\Cache), false)
 4 FCPATH\index.php(67): CodeIgniter\CodeIgniter->run()
INFO - 2023-06-10 23:08:33 --> Session: Class initialized using 'CodeIgniter\Session\Handlers\FileHandler' driver.
INFO - 2023-06-10 23:08:33 --> Cart Class Initialized
INFO - 2023-06-10 23:08:34 --> Session: Class initialized using 'CodeIgniter\Session\Handlers\FileHandler' driver.
INFO - 2023-06-10 23:08:34 --> Cart Class Initialized
INFO - 2023-06-10 23:09:43 --> Session: Class initialized using 'CodeIgniter\Session\Handlers\FileHandler' driver.
INFO - 2023-06-10 23:09:43 --> Cart Class Initialized
INFO - 2023-06-10 23:09:45 --> Session: Class initialized using 'CodeIgniter\Session\Handlers\FileHandler' driver.
INFO - 2023-06-10 23:09:45 --> Cart Class Initialized
CRITICAL - 2023-06-10 23:09:45 --> Attempt to read property "logged_in" on array
in APPPATH\Controllers\Carrito_controller.php on line 47.
 1 APPPATH\Controllers\Carrito_controller.php(47): CodeIgniter\Debug\Exceptions->errorHandler(2, 'Attempt to read property "logged_in" on array', 'APPPATH\\Controllers\\Carrito_controller.php', 47)
 2 SYSTEMPATH\CodeIgniter.php(934): App\Controllers\Carrito_controller->sumar_carrito('c20ad4d76fe97759aa27a0c99bff6710')
 3 SYSTEMPATH\CodeIgniter.php(499): CodeIgniter\CodeIgniter->runController(Object(App\Controllers\Carrito_controller))
 4 SYSTEMPATH\CodeIgniter.php(368): CodeIgniter\CodeIgniter->handleRequest(null, Object(Config\Cache), false)
 5 FCPATH\index.php(67): CodeIgniter\CodeIgniter->run()
INFO - 2023-06-10 23:10:01 --> Session: Class initialized using 'CodeIgniter\Session\Handlers\FileHandler' driver.
INFO - 2023-06-10 23:10:01 --> Cart Class Initialized
INFO - 2023-06-10 23:10:02 --> Session: Class initialized using 'CodeIgniter\Session\Handlers\FileHandler' driver.
INFO - 2023-06-10 23:10:02 --> Cart Class Initialized
INFO - 2023-06-10 23:10:06 --> Session: Class initialized using 'CodeIgniter\Session\Handlers\FileHandler' driver.
INFO - 2023-06-10 23:10:06 --> Cart Class Initialized
INFO - 2023-06-10 23:10:31 --> Session: Class initialized using 'CodeIgniter\Session\Handlers\FileHandler' driver.
INFO - 2023-06-10 23:10:31 --> Cart Class Initialized
INFO - 2023-06-10 23:10:31 --> Session: Class initialized using 'CodeIgniter\Session\Handlers\FileHandler' driver.
INFO - 2023-06-10 23:10:31 --> Cart Class Initialized
INFO - 2023-06-10 23:10:34 --> Session: Class initialized using 'CodeIgniter\Session\Handlers\FileHandler' driver.
INFO - 2023-06-10 23:10:34 --> Cart Class Initialized
INFO - 2023-06-10 23:12:35 --> Session: Class initialized using 'CodeIgniter\Session\Handlers\FileHandler' driver.
INFO - 2023-06-10 23:12:35 --> Cart Class Initialized
INFO - 2023-06-10 23:12:37 --> Session: Class initialized using 'CodeIgniter\Session\Handlers\FileHandler' driver.
INFO - 2023-06-10 23:12:37 --> Cart Class Initialized
